0 info it worked if it ends with ok
1 verbose cli [ 'C:\\Program Files\\nodejs\\node.exe',
1 verbose cli   'C:\\Program Files\\nodejs\\node_modules\\npm\\bin\\npm-cli.js',
1 verbose cli   'start' ]
2 info using npm@3.10.10
3 info using node@v6.10.3
4 verbose run-script [ 'prestart', 'start', 'poststart' ]
5 info lifecycle react-signup-form@0.0.0~prestart: react-signup-form@0.0.0
6 silly lifecycle react-signup-form@0.0.0~prestart: no script for prestart, continuing
7 info lifecycle react-signup-form@0.0.0~start: react-signup-form@0.0.0
8 verbose lifecycle react-signup-form@0.0.0~start: unsafe-perm in lifecycle true
9 verbose lifecycle react-signup-form@0.0.0~start: PATH: C:\Program Files\nodejs\node_modules\npm\bin\node-gyp-bin;C:\work\projects\training\react-signup-form\node_modules\.bin;C:\work\ConEmuPack.170622\ConEmu\Scripts;C:\work\ConEmuPack.170622;C:\work\ConEmuPack.170622\ConEmu;E:\app\MSLC_i\product\11.1.0\client_1\bin;C:\oraclexe\app\oracle\product\11.2.0\server\bin;;C:\Program Files\Java\jdk1.8.0_25\bin;C:\Program Files (x86)\Intel\iCLS Client\;C:\Program Files\Intel\iCLS Client\;C:\ProgramData\Oracle\Java\javapath;C:\Windows\system32;C:\Windows;C:\Windows\System32\Wbem;C:\Windows\System32\WindowsPowerShell\v1.0\;C:\Program Files (x86)\Intel\OpenCL SDK\3.0\bin\x86;C:\Program Files (x86)\Intel\OpenCL SDK\3.0\bin\x64;C:\Program Files (x86)\Intel\Intel(R) Management Engine Components\DAL;C:\Program Files\Intel\Intel(R) Management Engine Components\DAL;C:\Program Files (x86)\Intel\Intel(R) Management Engine Components\IPT;C:\Program Files\Intel\Intel(R) Management Engine Components\IPT;C:\Program Files\Microsoft SQL Server\110\Tools\Binn\;C:\Program Files (x86)\Microsoft SDKs\TypeScript\1.0\;C:\Program Files\Microsoft SQL Server\120\Tools\Binn\;C:\Program Files (x86)\Microsoft SQL Server\110\Tools\Binn\;C:\Program Files\Microsoft SQL Server\110\DTS\Binn\;C:\Program Files\nodejs\;C:\Program Files (x86)\Google\Chrome\Application;E:\app\MSLC_i\product\11.1.0\client_1\bin;C:\oraclexe\app\oracle\product\11.2.0\server\bin;C:\Program Files\Java\jdk1.8.0_25\bin;C:\Program Files (x86)\Intel\iCLS Client\;C:\Program Files\Intel\iCLS Client\;C:\ProgramData\Oracle\Java\javapath;C:\Windows\system32;C:\Windows;C:\Windows\System32\Wbem;C:\Windows\System32\WindowsPowerShell\v1.0\;C:\Program Files (x86)\Intel\OpenCL SDK\3.0\bin\x86;C:\Program Files (x86)\Intel\OpenCL SDK\3.0\bin\x64;C:\Program Files (x86)\Intel\Intel(R) Management Engine Components\DAL;C:\Program Files\Intel\Intel(R) Management Engine Components\DAL;C:\Program Files (x86)\Intel\Intel(R) Management Engine Components\IPT;C:\Program Files\Intel\Intel(R) Management Engine Components\IPT;C:\Program Files\Microsoft SQL Server\110\Tools\Binn\;C:\Program Files (x86)\Microsoft SDKs\TypeScript\1.0\;C:\Program Files\Microsoft SQL Server\120\Tools\Binn\;C:\Program Files (x86)\Microsoft SQL Server\110\Tools\Binn\;C:\Program Files\Microsoft SQL Server\110\DTS\Binn\;C:\Program Files\nodejs\;C:\Program Files\McAfee\DLP\Agent\;C:\work\Git\cmd;C:\work\Git\mingw64\bin;C:\work\Git\usr\bin;C:\Users\mslc\AppData\Local\Programs\Git LFS;C:\Users\mslc\AppData\Roaming\npm;;C:\work\win-bash;;C:\work\mongdb\bin;;C:\Python27
10 verbose lifecycle react-signup-form@0.0.0~start: CWD: C:\work\projects\training\react-signup-form
11 silly lifecycle react-signup-form@0.0.0~start: Args: [ '/d /s /c', 'node_modules/gulp/bin/gulp.js' ]
12 silly lifecycle react-signup-form@0.0.0~start: Returned: code: 1  signal: null
13 info lifecycle react-signup-form@0.0.0~start: Failed to exec start script
14 verbose stack Error: react-signup-form@0.0.0 start: `node_modules/gulp/bin/gulp.js`
14 verbose stack Exit status 1
14 verbose stack     at EventEmitter.<anonymous> (C:\Program Files\nodejs\node_modules\npm\lib\utils\lifecycle.js:255:16)
14 verbose stack     at emitTwo (events.js:106:13)
14 verbose stack     at EventEmitter.emit (events.js:191:7)
14 verbose stack     at ChildProcess.<anonymous> (C:\Program Files\nodejs\node_modules\npm\lib\utils\spawn.js:40:14)
14 verbose stack     at emitTwo (events.js:106:13)
14 verbose stack     at ChildProcess.emit (events.js:191:7)
14 verbose stack     at maybeClose (internal/child_process.js:886:16)
14 verbose stack     at Process.ChildProcess._handle.onexit (internal/child_process.js:226:5)
15 verbose pkgid react-signup-form@0.0.0
16 verbose cwd C:\work\projects\training\react-signup-form
17 error Windows_NT 6.1.7601
18 error argv "C:\\Program Files\\nodejs\\node.exe" "C:\\Program Files\\nodejs\\node_modules\\npm\\bin\\npm-cli.js" "start"
19 error node v6.10.3
20 error npm  v3.10.10
21 error code ELIFECYCLE
22 error react-signup-form@0.0.0 start: `node_modules/gulp/bin/gulp.js`
22 error Exit status 1
23 error Failed at the react-signup-form@0.0.0 start script 'node_modules/gulp/bin/gulp.js'.
23 error Make sure you have the latest version of node.js and npm installed.
23 error If you do, this is most likely a problem with the react-signup-form package,
23 error not with npm itself.
23 error Tell the author that this fails on your system:
23 error     node_modules/gulp/bin/gulp.js
23 error You can get information on how to open an issue for this project with:
23 error     npm bugs react-signup-form
23 error Or if that isn't available, you can get their info via:
23 error     npm owner ls react-signup-form
23 error There is likely additional logging output above.
24 verbose exit [ 1, true ]
